<?xml version="1.0" encoding="UTF-8"?>
<testng-results ignored="0" total="1" passed="1" failed="0" skipped="0">
  <reporter-output>
  </reporter-output>
  <suite started-at="2024-02-21T15:29:20 GMT" name="Default suite" finished-at="2024-02-21T15:29:42 GMT" duration-ms="22344">
    <groups>
    </groups>
    <test started-at="2024-02-21T15:29:20 GMT" name="Default test" finished-at="2024-02-21T15:29:42 GMT" duration-ms="22344">
      <class name="saboyano21.AppiumFrameworkDesign2.TestCaseEcommerce3">
        <test-method is-config="true" signature="TestSetUp()[pri:0, instance:saboyano21.AppiumFrameworkDesign2.TestCaseEcommerce3@7e6f74c]" started-at="2024-02-21T15:28:54 GMT" name="TestSetUp" finished-at="2024-02-21T15:29:20 GMT" duration-ms="25628" status="PASS">
          <reporter-output>
          </reporter-output>
        </test-method> <!-- TestSetUp -->
        <test-method signature="FillForm(java.lang.String,java.lang.String,java.lang.String)[pri:0, instance:saboyano21.AppiumFrameworkDesign2.TestCaseEcommerce3@7e6f74c]" started-at="2024-02-21T15:29:20 GMT" name="FillForm" data-provider="getData" finished-at="2024-02-21T15:29:42 GMT" duration-ms="22251" status="PASS">
          <params>
            <param index="0">
              <value>
                <![CDATA[saboyano]]>
              </value>
            </param>
            <param index="1">
              <value>
                <![CDATA[female]]>
              </value>
            </param>
            <param index="2">
              <value>
                <![CDATA[Argentina]]>
              </value>
            </param>
          </params>
          <reporter-output>
          </reporter-output>
        </test-method> <!-- FillForm -->
        <test-method is-config="true" signature="TestTearDown()[pri:0, instance:saboyano21.AppiumFrameworkDesign2.TestCaseEcommerce3@7e6f74c]" started-at="2024-02-21T15:29:42 GMT" name="TestTearDown" finished-at="2024-02-21T15:29:45 GMT" duration-ms="2221" status="PASS">
          <reporter-output>
          </reporter-output>
        </test-method> <!-- TestTearDown -->
      </class> <!-- saboyano21.AppiumFrameworkDesign2.TestCaseEcommerce3 -->
    </test> <!-- Default test -->
  </suite> <!-- Default suite -->
</testng-results>
